<?xml version="1.0" encoding="UTF-8"?>
<!-- Generated by org.testng.reporters.JUnitXMLReporter -->
<testsuite ignored="0" hostname="LAPTOP-J6JSJEKO" failures="0" tests="3" name="Test" time="41.863" errors="0" timestamp="2021-08-20T23:37:56 IST">
  <testcase classname="cart.testproductselection" name="test_add" time="2.773"/>
  <testcase classname="cart.testProceed" name="testProccedbutton" time="3.142"/>
  <testcase classname="cart.test_confirmation" name="test_submission" time="10.515"/>
</testsuite> <!-- Test -->
