<?xml version="1.0" encoding="UTF-8"?>
<!-- Generated by org.testng.reporters.JUnitXMLReporter -->
<testsuite ignored="0" hostname="LAPTOP-J6JSJEKO" failures="0" tests="3" name="Test" time="31.073" errors="0" timestamp="2021-08-21T16:52:55 IST">
  <testcase classname="cart.testproductselection" name="test_add" time="10.082"/>
  <testcase classname="cart.testProceed" name="testProccedbutton" time="3.113"/>
  <testcase classname="cart.test_confirmation" name="test_submission" time="17.644"/>
</testsuite> <!-- Test -->
