<?xml version="1.0" encoding="UTF-8"?>
<testng-results ignored="0" total="1" passed="1" failed="0" skipped="0">
  <reporter-output>
  </reporter-output>
  <suite started-at="2021-08-21T17:07:17 IST" name="Suite" finished-at="2021-08-21T17:08:38 IST" duration-ms="81575">
    <groups>
    </groups>
    <test started-at="2021-08-21T17:07:17 IST" name="values" finished-at="2021-08-21T17:08:38 IST" duration-ms="81575">
      <class name="cart.test_values">
        <test-method is-config="true" signature="classsetup()[pri:0, instance:cart.test_values@338c99c8]" started-at="2021-08-21T17:07:17 IST" name="classsetup" finished-at="2021-08-21T17:07:56 IST" duration-ms="39488" status="PASS">
          <reporter-output>
          </reporter-output>
        </test-method> <!-- classsetup -->
        <test-method signature="validatevegselection()[pri:0, instance:cart.test_values@338c99c8]" started-at="2021-08-21T17:07:56 IST" name="validatevegselection" finished-at="2021-08-21T17:08:24 IST" duration-ms="27301" status="PASS">
          <reporter-output>
          </reporter-output>
        </test-method> <!-- validatevegselection -->
        <test-method is-config="true" signature="takess(org.testng.ITestResult)[pri:0, instance:cart.test_values@338c99c8]" started-at="2021-08-21T17:08:24 IST" name="takess" finished-at="2021-08-21T17:08:24 IST" duration-ms="2" status="PASS">
          <params>
            <param index="0">
              <value>
                <![CDATA[[TestResult name=validatevegselection status=SUCCESS method=test_values.validatevegselection()[pri:0, instance:cart.test_values@338c99c8] output={null}]]]>
              </value>
            </param>
          </params>
          <reporter-output>
          </reporter-output>
        </test-method> <!-- takess -->
        <test-method is-config="true" signature="teardown()[pri:0, instance:cart.test_values@338c99c8]" started-at="2021-08-21T17:08:24 IST" name="teardown" finished-at="2021-08-21T17:08:38 IST" duration-ms="14582" status="PASS">
          <reporter-output>
          </reporter-output>
        </test-method> <!-- teardown -->
      </class> <!-- cart.test_values -->
    </test> <!-- values -->
  </suite> <!-- Suite -->
</testng-results>
